/*C3*/SET SCHEMA PUBLIC
CONNECT USER SA
DISCONNECT
/*C4*/SET SCHEMA PUBLIC
CONNECT USER SA
INSERT INTO GAME VALUES(4,0,'2009-05-17 00:00:00.000000000',2,4)
/*C5*/SET SCHEMA PUBLIC
CONNECT USER SA
/*C4*/DELETE FROM PLAYER WHERE ID=4
INSERT INTO PLAYER VALUES(4,1,'pendles@pies.com',1,1,'Pendles')
DELETE FROM PLAYER WHERE ID=2
INSERT INTO PLAYER VALUES(2,3,'',3,0,'Dougall')
/*C5*/INSERT INTO GAME VALUES(5,0,'2009-05-17 00:00:00.000000000',2,5)
DELETE FROM PLAYER WHERE ID=5
INSERT INTO PLAYER VALUES(5,1,'daisy@pies.com',1,1,'Daisy')
DELETE FROM PLAYER WHERE ID=2
INSERT INTO PLAYER VALUES(2,4,'',4,0,'Dougall')
INSERT INTO GAME VALUES(6,0,'2009-05-17 00:00:00.000000000',1,4)
DELETE FROM PLAYER WHERE ID=4
INSERT INTO PLAYER VALUES(4,2,'pendles@pies.com',2,2,'Pendles')
DELETE FROM PLAYER WHERE ID=1
INSERT INTO PLAYER VALUES(1,4,'',4,2,'Lulu')
INSERT INTO GAME VALUES(7,0,'2009-05-17 00:00:00.000000000',2,1)
INSERT INTO GAME VALUES(8,0,'2009-05-17 00:00:00.000000000',2,1)
DELETE FROM PLAYER WHERE ID=1
INSERT INTO PLAYER VALUES(1,5,'',5,3,'Lulu')
DELETE FROM PLAYER WHERE ID=2
INSERT INTO PLAYER VALUES(2,5,'',5,0,'Dougall')
INSERT INTO GAME VALUES(9,0,'2009-05-17 00:00:00.000000000',5,4)
DELETE FROM PLAYER WHERE ID=4
INSERT INTO PLAYER VALUES(4,3,'pendles@pies.com',3,3,'Pendles')
DELETE FROM PLAYER WHERE ID=5
INSERT INTO PLAYER VALUES(5,2,'daisy@pies.com',2,1,'Daisy')
